thread finished
----------------------------------------
GET /bg/123.txt HTTP/1.1
Host: 139.199.2.68:8080
Connection: keep-alive
Cache-Control: max-age=0
Upgrade-Insecure-Requests: 1
User-Agent: Mozilla/5.0 (Windows NT 10.0; WOW64) AppleWebKit/537.36 (KHTML, like Gecko) Chrome/53.0.2785.104 Safari/537.36 Core/1.53.1708.400 QQBrowser/9.5.9635.400
Accept: text/html,application/xhtml+xml,application/xml;q=0.9,image/webp,*/*;q=0.8
Accept-Encoding: gzip, deflate, sdch
Accept-Language: zh-CN,zh;q=0.8


----------------------------------------
GET /bg/123.txt HTTP/1.1
Host: 139.199.2.68:8080
Connection: keep-alive
Cache-Control: max-age=0
Upgrade-Insecure-Requests: 1
User-Agent: Mozilla/5.0 (Windows NT 10.0; WOW64) AppleWebKit/537.36 (KHTML, like Gecko) Chrome/53.0.2785.104 Safari/537.36 Core/1.53.1708.400 QQBrowser/9.5.9635.400
Accept: text/html,application/xhtml+xml,application/xml;q=0.9,image/webp,*/*;q=0.8
Accept-Encoding: gzip, deflate, sdch
Accept-Language: zh-CN,zh;q=0.8


----------------------------------------
GET / HTTP/1.1
Host: 139.199.2.68:8080
Connection: keep-alive
Upgrade-Insecure-Requests: 1
User-Agent: Mozilla/5.0 (Windows NT 10.0; WOW64) AppleWebKit/537.36 (KHTML, like Gecko) Chrome/53.0.2785.104 Safari/537.36 Core/1.53.1708.400 QQBrowser/9.5.9635.400
Accept: text/html,application/xhtml+xml,application/xml;q=0.9,image/webp,*/*;q=0.8
Accept-Encoding: gzip, deflate, sdch
Accept-Language: zh-CN,zh;q=0.8


----------------------------------------
GET / HTTP/1.1
Host: 139.199.2.68:8080
Connection: keep-alive
Accept: text/html,application/xhtml+xml,application/xml;q=0.9,image/webp,*/*;q=0.8
User-Agent: Mozilla/5.0 (Linux; U; Android 4.4.4; zh-cn; VIV-vivo X5V/PD1401V_A_1.21.10; 720*1280; CTC/2.0) AppleWebKit/537.36 (KHTML,like Gecko) Version/4.0 Mobile Safari/537.36 VivoBrowser/5.0.2
Accept-Encoding: gzip,deflate
Accept-Language: zh-CN,en-US;q=0.8
DNT: 1
x-GETzip: supported
Cache-Control: no-cache


----------------------------------------
GET /favicon.ico HTTP/1.1
Host: 139.199.2.68:8080
Connection: keep-alive
Accept: */*
User-Agent: Mozilla/5.0 (Linux; Android 4.4.4; vivo X5V Build/KTU84P) AppleWebKit/537.36 (KHTML, like Gecko) Version/4.0 Chrome/38.0.0.0 Mobile Safari/537.36
Accept-Encoding: gzip,deflate
Accept-Language: zh-CN,en-US;q=0.8
DNT: 1
x-GETzip: supported
Cache-Control: no-cache


----------------------------------------
GET /bg HTTP/1.1
Host: 139.199.2.68:8080
Connection: keep-alive
Accept: text/html,application/xhtml+xml,application/xml;q=0.9,image/webp,*/*;q=0.8
User-Agent: Mozilla/5.0 (Linux; U; Android 4.4.4; zh-cn; VIV-vivo X5V/PD1401V_A_1.21.10; 720*1280; CTC/2.0) AppleWebKit/537.36 (KHTML,like Gecko) Version/4.0 Mobile Safari/537.36 VivoBrowser/5.0.2
Accept-Encoding: gzip,deflate
Accept-Language: zh-CN,en-US;q=0.8
DNT: 1
x-GETzip: supported
Cache-Control: no-cache


----------------------------------------
GET /favicon.ico HTTP/1.1
Host: 139.199.2.68:8080
Connection: keep-alive
Accept: */*
User-Agent: Mozilla/5.0 (Linux; Android 4.4.4; vivo X5V Build/KTU84P) AppleWebKit/537.36 (KHTML, like Gecko) Version/4.0 Chrome/38.0.0.0 Mobile Safari/537.36
Accept-Encoding: gzip,deflate
Accept-Language: zh-CN,en-US;q=0.8
DNT: 1
x-GETzip: supported
Cache-Control: no-cache


----------------------------------------
GET /bg/123.txt HTTP/1.1
Host: 139.199.2.68:8080
Connection: keep-alive
Accept: text/html,application/xhtml+xml,application/xml;q=0.9,image/webp,*/*;q=0.8
User-Agent: Mozilla/5.0 (Linux; U; Android 4.4.4; zh-cn; VIV-vivo X5V/PD1401V_A_1.21.10; 720*1280; CTC/2.0) AppleWebKit/537.36 (KHTML,like Gecko) Version/4.0 Mobile Safari/537.36 VivoBrowser/5.0.2
Referer: http://139.199.2.68:8080/bg
Accept-Encoding: gzip,deflate
Accept-Language: zh-CN,en-US;q=0.8
DNT: 1
x-GETzip: supported
Cache-Control: no-cache


----------------------------------------
GET /favicon.ico HTTP/1.1
Host: 139.199.2.68:8080
Connection: keep-alive
Accept: */*
User-Agent: Mozilla/5.0 (Linux; Android 4.4.4; vivo X5V Build/KTU84P) AppleWebKit/537.36 (KHTML, like Gecko) Version/4.0 Chrome/38.0.0.0 Mobile Safari/537.36
Accept-Encoding: gzip,deflate
Accept-Language: zh-CN,en-US;q=0.8
DNT: 1
x-GETzip: supported
Cache-Control: no-cache


----------------------------------------
GET /Images HTTP/1.1
Host: 139.199.2.68:8080
Connection: keep-alive
Accept: text/html,application/xhtml+xml,application/xml;q=0.9,image/webp,*/*;q=0.8
User-Agent: Mozilla/5.0 (Linux; U; Android 4.4.4; zh-cn; VIV-vivo X5V/PD1401V_A_1.21.10; 720*1280; CTC/2.0) AppleWebKit/537.36 (KHTML,like Gecko) Version/4.0 Mobile Safari/537.36 VivoBrowser/5.0.2
Accept-Encoding: gzip,deflate
Accept-Language: zh-CN,en-US;q=0.8
DNT: 1
x-GETzip: supported
Cache-Control: no-cache


----------------------------------------
GET /favicon.ico HTTP/1.1
Host: 139.199.2.68:8080
Connection: keep-alive
Accept: */*
User-Agent: Mozilla/5.0 (Linux; Android 4.4.4; vivo X5V Build/KTU84P) AppleWebKit/537.36 (KHTML, like Gecko) Version/4.0 Chrome/38.0.0.0 Mobile Safari/537.36
Accept-Encoding: gzip,deflate
Accept-Language: zh-CN,en-US;q=0.8
DNT: 1
x-GETzip: supported
Cache-Control: no-cache


----------------------------------------
GET /Images/image2.jpg HTTP/1.1
Host: 139.199.2.68:8080
Connection: keep-alive
Accept: text/html,application/xhtml+xml,application/xml;q=0.9,image/webp,*/*;q=0.8
User-Agent: Mozilla/5.0 (Linux; U; Android 4.4.4; zh-cn; VIV-vivo X5V/PD1401V_A_1.21.10; 720*1280; CTC/2.0) AppleWebKit/537.36 (KHTML,like Gecko) Version/4.0 Mobile Safari/537.36 VivoBrowser/5.0.2
Referer: http://139.199.2.68:8080/Images
Accept-Encoding: gzip,deflate
Accept-Language: zh-CN,en-US;q=0.8
DNT: 1
x-GETzip: supported
Cache-Control: no-cache


----------------------------------------
GET /favicon.ico HTTP/1.1
Host: 139.199.2.68:8080
Connection: keep-alive
Accept: */*
User-Agent: Mozilla/5.0 (Linux; Android 4.4.4; vivo X5V Build/KTU84P) AppleWebKit/537.36 (KHTML, like Gecko) Version/4.0 Chrome/38.0.0.0 Mobile Safari/537.36
Accept-Encoding: gzip,deflate
Accept-Language: zh-CN,en-US;q=0.8
DNT: 1
x-GETzip: supported
Cache-Control: no-cache


----------------------------------------
GET /Images/image3.jpg HTTP/1.1
Host: 139.199.2.68:8080
Connection: keep-alive
Accept: text/html,application/xhtml+xml,application/xml;q=0.9,image/webp,*/*;q=0.8
User-Agent: Mozilla/5.0 (Linux; U; Android 4.4.4; zh-cn; VIV-vivo X5V/PD1401V_A_1.21.10; 720*1280; CTC/2.0) AppleWebKit/537.36 (KHTML,like Gecko) Version/4.0 Mobile Safari/537.36 VivoBrowser/5.0.2
Referer: http://139.199.2.68:8080/Images
Accept-Encoding: gzip,deflate
Accept-Language: zh-CN,en-US;q=0.8
DNT: 1
x-GETzip: supported
Cache-Control: no-cache


----------------------------------------
GET /favicon.ico HTTP/1.1
Host: 139.199.2.68:8080
Connection: keep-alive
Accept: */*
User-Agent: Mozilla/5.0 (Linux; Android 4.4.4; vivo X5V Build/KTU84P) AppleWebKit/537.36 (KHTML, like Gecko) Version/4.0 Chrome/38.0.0.0 Mobile Safari/537.36
Accept-Encoding: gzip,deflate
Accept-Language: zh-CN,en-US;q=0.8
DNT: 1
x-GETzip: supported
Cache-Control: no-cache


----------------------------------------
GET / HTTP/1.1
Host: wangqingx.cn:8080
Connection: keep-alive
Accept: text/html,application/xhtml+xml,application/xml;q=0.9,image/webp,*/*;q=0.8
User-Agent: Mozilla/5.0 (Linux; U; Android 4.4.4; zh-cn; VIV-vivo X5V/PD1401V_A_1.21.10; 720*1280; CTC/2.0) AppleWebKit/537.36 (KHTML,like Gecko) Version/4.0 Mobile Safari/537.36 VivoBrowser/5.0.2
Accept-Encoding: gzip,deflate
Accept-Language: zh-CN,en-US;q=0.8
DNT: 1
x-GETzip: supported
Cache-Control: no-cache


----------------------------------------
GET /favicon.ico HTTP/1.1
Host: wangqingx.cn:8080
Connection: keep-alive
Accept: */*
User-Agent: Mozilla/5.0 (Linux; Android 4.4.4; vivo X5V Build/KTU84P) AppleWebKit/537.36 (KHTML, like Gecko) Version/4.0 Chrome/38.0.0.0 Mobile Safari/537.36
Accept-Encoding: gzip,deflate
Accept-Language: zh-CN,en-US;q=0.8
DNT: 1
x-GETzip: supported
Cache-Control: no-cache


----------------------------------------
GET / HTTP/1.1
User-Agent: Mozilla/5.0 (Linux; U; Android 4.4.2; zh-cn; SM701 Build/SANFRANCISCO) AppleWebKit/533.1 (KHTML, like Gecko)Version/4.0 MQQBrowser/5.4 TBS/025469 Mobile Safari/533.1 MicroMessenger/6.2.5.49_r7ead8bf.620 NetType/WIFI Language/zh_CN
Accept: */*
Accept-Encoding: gzip, deflate, sdch, br
Accept-Language: zh-CN,zh;q=0.8,en-US;q=0.6,en;q=0.4
Host: wangqingx.cn:8080
Connection: keep-alive


----------------------------------------
GET /Images HTTP/1.1
Host: wangqingx.cn:8080
Connection: keep-alive
Upgrade-Insecure-Requests: 1
User-Agent: Mozilla/5.0 (Windows NT 10.0; WOW64) AppleWebKit/537.36 (KHTML, like Gecko) Chrome/53.0.2785.104 Safari/537.36 Core/1.53.1708.400 QQBrowser/9.5.9635.400
Accept: text/html,application/xhtml+xml,application/xml;q=0.9,image/webp,*/*;q=0.8
Accept-Encoding: gzip, deflate, sdch
Accept-Language: zh-CN,zh;q=0.8


----------------------------------------
GET /favicon.ico HTTP/1.1
Host: wangqingx.cn:8080
Connection: keep-alive
User-Agent: Mozilla/5.0 (Windows NT 10.0; WOW64) AppleWebKit/537.36 (KHTML, like Gecko) Chrome/53.0.2785.104 Safari/537.36 Core/1.53.1708.400 QQBrowser/9.5.9635.400
Accept: */*
Referer: http://wangqingx.cn:8080/Images
Accept-Encoding: gzip, deflate, sdch
Accept-Language: zh-CN,zh;q=0.8


----------------------------------------
GET /Images HTTP/1.1
Host: wangqingx.cn:8080
Connection: keep-alive
Accept: text/html,application/xhtml+xml,application/xml;q=0.9,image/webp,image/sharpp,*/*;q=0.8
User-Agent: Mozilla/5.0 (Linux; Android 4.4.4; MI 3 Build/KTU84P) AppleWebKit/537.36 (KHTML, like Gecko) Version/4.0 Chrome/37.0.0.0 Mobile MQQBrowser/6.8 TBS/036879 Safari/537.36 V1_AND_SQ_6.5.5_410_YYB_D QQ/6.5.5.2880 NetType/WIFI WebP/0.3.0 Pixel/1080
Accept-Encoding: gzip, deflate
Accept-Language: zh-CN,en-US;q=0.8


----------------------------------------
GET /Images HTTP/1.1
User-Agent: Mozilla/5.0 (Windows NT 5.1) AppleWebKit/537.36 (KHTML, like Gecko) Chrome/45.0.2454.101 Safari/537.36
Accept: */*
Accept-Encoding: gzip, deflate, sdch, br
Accept-Language: zh-CN,zh;q=0.8,en-US;q=0.6,en;q=0.4
Host: wangqingx.cn:8080
Connection: keep-alive


----------------------------------------
GET /Images HTTP/1.1
User-Agent: Mozilla/5.0 (Windows NT 5.1) AppleWebKit/537.36 (KHTML, like Gecko) Chrome/45.0.2454.101 Safari/537.36
Accept: */*
Accept-Encoding: gzip, deflate, sdch, br
Accept-Language: zh-CN,zh;q=0.8,en-US;q=0.6,en;q=0.4
Host: wangqingx.cn:8080
Connection: keep-alive


----------------------------------------
GET / HTTP/1.1
Host: wangqingx.cn:8080
Connection: keep-alive
Upgrade-Insecure-Requests: 1
User-Agent: Mozilla/5.0 (Windows NT 10.0; WOW64) AppleWebKit/537.36 (KHTML, like Gecko) Chrome/53.0.2785.104 Safari/537.36 Core/1.53.1708.400 QQBrowser/9.5.9635.400
Accept: text/html,application/xhtml+xml,application/xml;q=0.9,image/webp,*/*;q=0.8
Referer: http://wangqingx.cn:8080/Images
Accept-Encoding: gzip, deflate, sdch
Accept-Language: zh-CN,zh;q=0.8


----------------------------------------
GET http://zc.qq.com/cgi-bin/common/attr?id=260714&r=0.2214931458549900 HTTP/1.1
Accept: text/html, application/xhtml+xml, */*
Accept-Language: zh-CN
User-Agent: Mozilla/5.0 (compatible; MSIE 9.0; Windows NT 6.1; Trident/5.0; 360SE)
Accept-Encoding: gzip, deflate
Host: zc.qq.com
Connection: Keep-Alive


----------------------------------------
GET /Images HTTP/1.1
Accept: text/html,application/xhtml+xml,application/xml;q=0.9,*/*;q=0.8
Referer: 
User-Agent: Mozilla/5.0 (iPhone; CPU iPhone OS 8_4 like Mac OS X) AppleWebKit/600.1.4 (KHTML, like Gecko) Version/8.0 Mobile/12H143 Safari/600.1.4
Connection: Keep-Alive
Accept-Encoding: gzip, deflate
Accept-Language: en-US,*
Host: wangqingx.cn:8080


----------------------------------------
GET http://zc.qq.com/cgi-bin/common/attr?id=260714&r=0.4986921943479750 HTTP/1.1
Accept: text/html, application/xhtml+xml, */*
Accept-Language: zh-CN
User-Agent: Mozilla/5.0 (compatible; MSIE 9.0; Windows NT 6.1; Trident/5.0; 360SE)
Accept-Encoding: gzip, deflate
Host: zc.qq.com
Connection: Keep-Alive


----------------------------------------
GET http://zc.qq.com/cgi-bin/common/attr?id=260714&r=0.1377738837091992 HTTP/1.1
Accept: text/html, application/xhtml+xml, */*
Accept-Language: zh-CN
User-Agent: Mozilla/5.0 (compatible; MSIE 9.0; Windows NT 6.1; Trident/5.0; 360SE)
Accept-Encoding: gzip, deflate
Host: zc.qq.com
Connection: Keep-Alive


----------------------------------------
GET http://www.baidu.com/favicon.ico HTTP/1.1
Host: www.baidu.com
Connection: keep-alive
Accept-Encoding: gzip, deflate
Accept: */*
User-Agent: Mozilla/5.0 (Macintosh; Intel Mac OS X 10_11_6) AppleWebKit/537.36 (KHTML, like Gecko) Chrome/53.0.2785.116 Safari/537.36


----------------------------------------
GET http://www.baidu.com/favicon.ico HTTP/1.1
Host: www.baidu.com
Connection: keep-alive
Accept-Encoding: gzip, deflate
Accept: */*
User-Agent: Mozilla/5.0 (Macintosh; Intel Mac OS X 10_11_6) AppleWebKit/537.36 (KHTML, like Gecko) Chrome/53.0.2785.116 Safari/537.36


----------------------------------------
GET http://zc.qq.com/cgi-bin/common/attr?id=260714&r=0.9531194323540493 HTTP/1.1
Accept: text/html, application/xhtml+xml, */*
Accept-Language: zh-CN
User-Agent: Mozilla/5.0 (compatible; MSIE 9.0; Windows NT 6.1; Trident/5.0; 360SE)
Accept-Encoding: gzip, deflate
Host: zc.qq.com
Connection: Keep-Alive


----------------------------------------
GET /script HTTP/1.1
Host: 139.199.2.68:8080
Connection: keep-alive
Accept-Encoding: gzip, deflate
Accept: */*
User-Agent: python-requests/2.7.0 CPython/2.7.0 Windows/2003Server


----------------------------------------
GET http://zc.qq.com/cgi-bin/common/attr?id=260714&r=0.2928869907010143 HTTP/1.1
Accept: text/html, application/xhtml+xml, */*
Accept-Language: zh-CN
User-Agent: Mozilla/5.0 (compatible; MSIE 9.0; Windows NT 6.1; Trident/5.0; 360SE)
Accept-Encoding: gzip, deflate
Host: zc.qq.com
Connection: Keep-Alive


----------------------------------------
GET / HTTP/1.0
User-Agent: Mozilla/5.0 (compatible; Googlebot/2.1; +http://www.google.com/bot.html)
Connection: close


----------------------------------------
GET http://zc.qq.com/cgi-bin/common/attr?id=260714&r=0.5692070782426019 HTTP/1.1
Accept: text/html, application/xhtml+xml, */*
Accept-Language: zh-CN
User-Agent: Mozilla/5.0 (compatible; MSIE 9.0; Windows NT 6.1; Trident/5.0; 360SE)
Accept-Encoding: gzip, deflate
Host: zc.qq.com
Connection: Keep-Alive


----------------------------------------
HEAD http://wap.ip138.com/ HTTP/1.1
User-Agent: Java/1.8.0_77
Host: wap.ip138.com
Accept: text/html, image/gif, image/jpeg, *; q=.2, */*; q=.2
Proxy-Connection: keep-alive


----------------------------------------
GET / HTTP/1.1
Host: wangqingx.cn:8080
Connection: keep-alive
Upgrade-Insecure-Requests: 1
User-Agent: Mozilla/5.0 (Windows NT 10.0; Win64; x64) AppleWebKit/537.36 (KHTML, like Gecko) Chrome/54.0.2840.87 Safari/537.36
Accept: text/html,application/xhtml+xml,application/xml;q=0.9,image/webp,*/*;q=0.8
Accept-Encoding: gzip, deflate, sdch
Accept-Language: zh-CN,zh;q=0.8


----------------------------------------
GET /favicon.ico HTTP/1.1
Host: wangqingx.cn:8080
Connection: keep-alive
User-Agent: Mozilla/5.0 (Windows NT 10.0; Win64; x64) AppleWebKit/537.36 (KHTML, like Gecko) Chrome/54.0.2840.87 Safari/537.36
Accept: */*
Referer: http://wangqingx.cn:8080/
Accept-Encoding: gzip, deflate, sdch
Accept-Language: zh-CN,zh;q=0.8


----------------------------------------
GET /Images HTTP/1.1
Host: wangqingx.cn:8080
Connection: keep-alive
Upgrade-Insecure-Requests: 1
User-Agent: Mozilla/5.0 (Windows NT 10.0; Win64; x64) AppleWebKit/537.36 (KHTML, like Gecko) Chrome/54.0.2840.87 Safari/537.36
Accept: text/html,application/xhtml+xml,application/xml;q=0.9,image/webp,*/*;q=0.8
Accept-Encoding: gzip, deflate, sdch
Accept-Language: zh-CN,zh;q=0.8


----------------------------------------
GET /Images/image1.jpg HTTP/1.1
Host: wangqingx.cn:8080
Connection: keep-alive
Upgrade-Insecure-Requests: 1
User-Agent: Mozilla/5.0 (Windows NT 10.0; Win64; x64) AppleWebKit/537.36 (KHTML, like Gecko) Chrome/54.0.2840.87 Safari/537.36
Accept: text/html,application/xhtml+xml,application/xml;q=0.9,image/webp,*/*;q=0.8
Referer: http://wangqingx.cn:8080/Images
Accept-Encoding: gzip, deflate, sdch
Accept-Language: zh-CN,zh;q=0.8


----------------------------------------
GET /Images/image2.jpg HTTP/1.1
Host: wangqingx.cn:8080
Connection: keep-alive
Upgrade-Insecure-Requests: 1
User-Agent: Mozilla/5.0 (Windows NT 10.0; Win64; x64) AppleWebKit/537.36 (KHTML, like Gecko) Chrome/54.0.2840.87 Safari/537.36
Accept: text/html,application/xhtml+xml,application/xml;q=0.9,image/webp,*/*;q=0.8
Referer: http://wangqingx.cn:8080/Images
Accept-Encoding: gzip, deflate, sdch
Accept-Language: zh-CN,zh;q=0.8


----------------------------------------
GET /Images/image3.jpg HTTP/1.1
Host: wangqingx.cn:8080
Connection: keep-alive
Upgrade-Insecure-Requests: 1
User-Agent: Mozilla/5.0 (Windows NT 10.0; Win64; x64) AppleWebKit/537.36 (KHTML, like Gecko) Chrome/54.0.2840.87 Safari/537.36
Accept: text/html,application/xhtml+xml,application/xml;q=0.9,image/webp,*/*;q=0.8
Referer: http://wangqingx.cn:8080/Images
Accept-Encoding: gzip, deflate, sdch
Accept-Language: zh-CN,zh;q=0.8


----------------------------------------
GET / HTTP/1.1
Host: wangqingx.cn:8080
Connection: keep-alive
Upgrade-Insecure-Requests: 1
User-Agent: Mozilla/5.0 (Windows NT 10.0; Win64; x64) AppleWebKit/537.36 (KHTML, like Gecko) Chrome/54.0.2840.87 Safari/537.36
Accept: text/html,application/xhtml+xml,application/xml;q=0.9,image/webp,*/*;q=0.8
Referer: http://wangqingx.cn:8080/Images
Accept-Encoding: gzip, deflate, sdch
Accept-Language: zh-CN,zh;q=0.8


----------------------------------------
GET /Images?C=M;O=A HTTP/1.1
Host: wangqingx.cn:8080
Connection: keep-alive
Upgrade-Insecure-Requests: 1
User-Agent: Mozilla/5.0 (Windows NT 10.0; Win64; x64) AppleWebKit/537.36 (KHTML, like Gecko) Chrome/54.0.2840.87 Safari/537.36
Accept: text/html,application/xhtml+xml,application/xml;q=0.9,image/webp,*/*;q=0.8
Referer: http://wangqingx.cn:8080/Images
Accept-Encoding: gzip, deflate, sdch
Accept-Language: zh-CN,zh;q=0.8


----------------------------------------
GET /Images?C=D;O=A HTTP/1.1
Host: wangqingx.cn:8080
Connection: keep-alive
Upgrade-Insecure-Requests: 1
User-Agent: Mozilla/5.0 (Windows NT 10.0; Win64; x64) AppleWebKit/537.36 (KHTML, like Gecko) Chrome/54.0.2840.87 Safari/537.36
Accept: text/html,application/xhtml+xml,application/xml;q=0.9,image/webp,*/*;q=0.8
Referer: http://wangqingx.cn:8080/Images?C=M;O=A
Accept-Encoding: gzip, deflate, sdch
Accept-Language: zh-CN,zh;q=0.8


----------------------------------------
GET /Images?C=S;O=A HTTP/1.1
Host: wangqingx.cn:8080
Connection: keep-alive
Upgrade-Insecure-Requests: 1
User-Agent: Mozilla/5.0 (Windows NT 10.0; Win64; x64) AppleWebKit/537.36 (KHTML, like Gecko) Chrome/54.0.2840.87 Safari/537.36
Accept: text/html,application/xhtml+xml,application/xml;q=0.9,image/webp,*/*;q=0.8
Referer: http://wangqingx.cn:8080/Images?C=D;O=A
Accept-Encoding: gzip, deflate, sdch
Accept-Language: zh-CN,zh;q=0.8


----------------------------------------
GET /Images?C=D;O=A HTTP/1.1
User-Agent: Mozilla/5.0 (compatible; MSIE 9.0; Windows NT 6.1; Trident/5.0)
Accept: */*
Accept-Encoding: gzip, deflate, sdch, br
Accept-Language: zh-CN,zh;q=0.8,en-US;q=0.6,en;q=0.4
Host: wangqingx.cn:8080
Connection: keep-alive


----------------------------------------
GET /Images/image3.jpg HTTP/1.1
Host: wangqingx.cn:8080
Connection: keep-alive
Upgrade-Insecure-Requests: 1
User-Agent: Mozilla/5.0 (Windows NT 10.0; Win64; x64) AppleWebKit/537.36 (KHTML, like Gecko) Chrome/54.0.2840.87 Safari/537.36
Accept: text/html,application/xhtml+xml,application/xml;q=0.9,image/webp,*/*;q=0.8
Accept-Encoding: gzip, deflate, sdch
Accept-Language: zh-CN,zh;q=0.8


----------------------------------------
GET /Images?C=S;O=A HTTP/1.1
User-Agent: Mozilla/5.0 (compatible; MSIE 9.0; Windows NT 6.1; Trident/5.0)
Accept: */*
Accept-Encoding: gzip, deflate, sdch, br
Acce